C:\Users\avish\OneDrive\Desktop\ekronot\PPL5784_7001_1752\Tar4\tar4.e:39
subscript value 2 is out of bounds, reading from a sequence of length 1 - in subscript #1 of 'data_splited' 


Public & Export & Global & Local Variables

 C:\Euphoria\include\std\memconst.e:
    DEP_really_works = 1
    use_DEP = 1
    FREE_RID = 2
    kernel_dll = <no value>
    memDLL_id = <no value>
    VirtualAlloc_rid = <no value>
    VirtualLock_rid = <no value>
    VirtualUnlock_rid = <no value>
    VirtualProtect_rid = <no value>
    GetLastError_rid = <no value>
    GetSystemInfo_rid = <no value>

 C:\Euphoria\include\std\memory.e:
    edges_only = <no value>
    check_calls = 1
    VirtualFree_rid = 25

 C:\Euphoria\include\std\types.e:
    Defined_Sets = {
                     {98'b',99'c',100'd',102'f',103'g',104'h',106'j',107'k',
108'l',109'm',110'n',112'p',113'q',114'r',115's',116't',118'v',119'w',120'x',
121'y',122'z',66'B',67'C',68'D',70'F',71'G',72'H',74'J',75'K',76'L',77'M',
78'N',80'P',81'Q',82'R',83'S',84'T',86'V',87'W',88'X',89'Y',90'Z'},
                     {97'a',101'e',105'i',111'o',117'u',65'A',69'E',73'I',
79'O',85'U'},
                     {
                       {48'0',57'9'},
                       {65'A',70'F'},
                       {97'a',102'f'}
                     },
                     {32' ',9,10,13,11,160},
                     {
                       {32' ',47'/'},
                       {58':',63'?'},
                       {91'[',96'`'},
                       {123'{',126'~'}
                     },
                     {
                       {32' ',126'~'}
                     },
                     {
                       {32' ',126'~'},
                       {32' ',32' '},
                       {9,9},
                       {10,10},
                       {13,13},
                       {8,8},
                       {7,7}
                     },
                     {
                       {97'a',122'z'}
                     },
                     {
                       {65'A',90'Z'}
                     },
                     {
                       {48'0',57'9'},
                       {97'a',122'z'},
                       {65'A',90'Z'}
                     },
                     {
                       {48'0',57'9'},
                       {97'a',122'z'},
                       {65'A',90'Z'},
                       {95'_',95'_'}
                     },
                     {
                       {97'a',122'z'},
                       {65'A',90'Z'}
                     },
                     {
                       {0,127''}
                     },
                     {
                       {0,31},
                       {127'',127''}
                     },
                     {
                       {48'0',57'9'}
                     },
                     {
                       {33'!',126'~'}
                     },
                     {
                       {0,255}
                     },
                     {95'_'},
                     {1,0}
                   }

 C:\Euphoria\include\std\machine.e:
    FREE_ARRAY_RID = 1
    page_size = 65536
    oldprotptr = 9923504
    kernel_dll = 140718114734080
    memDLL_id = 140718114734080
    VirtualAlloc_rid = 23
    VirtualProtect_rid = 24
    GetLastError_rid = 26
    GetSystemInfo_rid = 27
    vaa = <no value>
    system_info_ptr = <no value>

 C:\Euphoria\include\std\convert.e:
    mem = 9923536
    decimal_mark = 46'.'

 C:\Euphoria\include\std\datetime.e:
    yydiff = 80'P'
    month_names = {
                    {74'J',97'a',110'n',117'u',97'a',114'r',121'y'},
                    {70'F',101'e',98'b',114'r',117'u',97'a',114'r',121'y'},
                    {77'M',97'a',114'r',99'c',104'h'},
                    {65'A',112'p',114'r',105'i',108'l'},
                    {77'M',97'a',121'y'},
                    {74'J',117'u',110'n',101'e'},
                    {74'J',117'u',108'l',121'y'},
                    {65'A',117'u',103'g',117'u',115's',116't'},
                    {83'S',101'e',112'p',116't',101'e',109'm',98'b',101'e',
114'r'},
                    {79'O',99'c',116't',111'o',98'b',101'e',114'r'},
                    {78'N',111'o',118'v',101'e',109'm',98'b',101'e',114'r'},
                    {68'D',101'e',99'c',101'e',109'm',98'b',101'e',114'r'}
                  }
    month_abbrs = {
                    {74'J',97'a',110'n'},
                    {70'F',101'e',98'b'},
                    {77'M',97'a',114'r'},
                    {65'A',112'p',114'r'},
                    {77'M',97'a',121'y'},
                    {74'J',117'u',110'n'},
                    {74'J',117'u',108'l'},
                    {65'A',117'u',103'g'},
                    {83'S',101'e',112'p'},
                    {79'O',99'c',116't'},
                    {78'N',111'o',118'v'},
                    {68'D',101'e',99'c'}
                  }
    day_names = {
                  {83'S',117'u',110'n',100'd',97'a',121'y'},
                  {77'M',111'o',110'n',100'd',97'a',121'y'},
                  {84'T',117'u',101'e',115's',100'd',97'a',121'y'},
                  {87'W',101'e',100'd',110'n',101'e',115's',100'd',97'a',
121'y'},
                  {84'T',104'h',117'u',114'r',115's',100'd',97'a',121'y'},
                  {70'F',114'r',105'i',100'd',97'a',121'y'},
                  {83'S',97'a',116't',117'u',114'r',100'd',97'a',121'y'}
                }
    day_abbrs = {
                  {83'S',117'u',110'n'},
                  {77'M',111'o',110'n'},
                  {84'T',117'u',101'e'},
                  {87'W',101'e',100'd'},
                  {84'T',104'h',117'u'},
                  {70'F',114'r',105'i'},
                  {83'S',97'a',116't'}
                }
    ampm = {
             {65'A',77'M'},
             {80'P',77'M'}
           }

 C:\Euphoria\include\std\filesys.e:
    my_dir = -2
    InitCurDir = {67'C',58':',92'\',85'U',115's',101'e',114'r',115's',92'\',
97'a',118'v',105'i',115's',104'h',92'\',79'O',110'n',101'e',68'D',114'r',
105'i',118'v',101'e',92'\',68'D',101'e',115's',107'k',116't',111'o',112'p',
92'\',101'e',107'k',114'r',111'o',110'n',111'o',116't',92'\',80'P',80'P',
76'L',53'5',55'7',56'8',52'4',95'_',55'7',48'0',48'0',49'1',95'_',49'1',
55'7',53'5',50'2',92'\',84'T',97'a',114'r',52'4',92'\'}
    file_counters = {}

 C:\Euphoria\include\std\pretty.e:
    pretty_end_col = <no value>
    pretty_chars = <no value>
    pretty_start_col = <no value>
    pretty_level = <no value>
    pretty_file = <no value>
    pretty_ascii = <no value>
    pretty_indent = <no value>
    pretty_ascii_min = <no value>
    pretty_ascii_max = <no value>
    pretty_line_count = <no value>
    pretty_line_max = <no value>
    pretty_dots = <no value>
    pretty_line_breaks = <no value>
    pretty_printing = <no value>
    pretty_fp_format = <no value>
    pretty_int_format = <no value>
    pretty_line = <no value>

 C:\Euphoria\include\std\serialize.e:
    mem0 = 9923568
    mem1 = 9923569
    mem2 = 9923570
    mem3 = 9923571
    mem4 = 9923572
    mem5 = 9923573
    mem6 = 9923574
    mem7 = 9923575

 C:\Euphoria\include\std\text.e:
    lower_case_SET = {}
    upper_case_SET = {}
    encoding_NAME = {65'A',83'S',67'C',73'I',73'I'}
    user32 = 140718115586048
    api_CharLowerBuff = 37'%'
    api_CharUpperBuff = 38'&'
    tm_size = 1024
    temp_mem = 53098864

 C:\Euphoria\include\std\io.e:
    mem0 = 44507888
    mem1 = 44507889
    mem2 = 44507890
    mem3 = 44507891

 C:\Euphoria\include\std\scinot.e:
    NATIVE_FORMAT = 3

 C:\Euphoria\include\std\get.e:
    input_file = <no value>
    input_string = <no value>
    string_next = <no value>
    ch = <no value>
    leading_whitespace = <no value>

 C:\Euphoria\include\std\eumem.e:
    ram_space = {}
    ram_free_list = 0
    free_rid = 6

 C:\Euphoria\include\std\primes.e:
    list_of_primes = {2,3}

 C:\Euphoria\include\std\graphcst.e:
    true_fgcolor = {0,1,2,3,4,5,6,7,8,9,10,11,12,13,14,15,16,17,18,19,20,
21,22,23,24,25,26,27,28,29,30,31}
    true_bgcolor = {0,1,2,3,4,5,6,7,8,9,10,11,12,13,14,15,16,17,18,19,20,
21,22,23,24,25,26,27,28,29,30,31}

 C:\Users\avish\OneDrive\Desktop\ekronot\PPL5784_7001_1752\Tar4\.\Tokenizing.e:
    keywords = {
                 {99'c',108'l',97'a',115's',115's'},
                 {99'c',111'o',110'n',115's',116't',114'r',117'u',99'c',
116't',111'o',114'r'},
                 {102'f',117'u',110'n',99'c',116't',105'i',111'o',110'n'},
                 {109'm',101'e',116't',104'h',111'o',100'd'},
                 {102'f',105'i',101'e',108'l',100'd'},
                 {115's',116't',97'a',116't',105'i',99'c'},
                 {118'v',97'a',114'r'},
                 {105'i',110'n',116't'},
                 {99'c',104'h',97'a',114'r'},
                 {98'b',111'o',111'o',108'l',101'e',97'a',110'n'},
                 {118'v',111'o',105'i',100'd'},
                 {116't',114'r',117'u',101'e'},
                 {102'f',97'a',108'l',115's',101'e'},
                 {110'n',117'u',108'l',108'l'},
                 {116't',104'h',105'i',115's'},
                 {108'l',101'e',116't'},
                 {100'd',111'o'},
                 {105'i',102'f'},
                 {101'e',108'l',115's',101'e'},
                 {119'w',104'h',105'i',108'l',101'e'},
                 {114'r',101'e',116't',117'u',114'r',110'n'}
               }
    symbol = {123'{',125'}',40'(',41')',91'[',93']',46'.',44',',59';',43'+',
45'-',42'*',47'/',38'&',124'|',60'<',62'>',61'=',126'~'}

 C:\Users\avish\OneDrive\Desktop\ekronot\PPL5784_7001_1752\Tar4\.\parsing.e:
    fd_file_output = <no value>
    fd_file_input = <no value>

 C:\Users\avish\OneDrive\Desktop\ekronot\PPL5784_7001_1752\Tar4\tar4.e:
    fd_output = <no value>
    path = {67'C',58':',92'\',85'U',115's',101'e',114'r',115's',92'\',97'a',
118'v',105'i',115's',104'h',92'\',79'O',110'n',101'e',68'D',114'r',105'i',
118'v',101'e',92'\',68'D',101'e',115's',107'k',116't',111'o',112'p',92'\',
101'e',107'k',114'r',111'o',110'n',111'o',116't',92'\',110'n',97'a',110'n',
100'd',50'2',116't',101'e',116't',114'r',105'i',115's',92'\',112'p',114'r',
111'o',106'j',101'e',99'c',116't',115's',92'\',49'1',48'0',92'\',65'A',114'r',
114'r',42'*'}
    path_elems = {
                   {67'C',58':'},
                   {85'U',115's',101'e',114'r',115's'},
                   {97'a',118'v',105'i',115's',104'h'},
                   {79'O',110'n',101'e',68'D',114'r',105'i',118'v',101'e'},
                   {68'D',101'e',115's',107'k',116't',111'o',112'p'},
                   {101'e',107'k',114'r',111'o',110'n',111'o',116't'},
                   {110'n',97'a',110'n',100'd',50'2',116't',101'e',116't',
114'r',105'i',115's'},
                   {112'p',114'r',111'o',106'j',101'e',99'c',116't',115's'},
                   {49'1',48'0'},
                   {65'A',114'r',114'r',42'*'}
                 }
    name_dir = {65'A',114'r',114'r',42'*'}
    filenames = {
                  {65'A',114'r',114'r',97'a',121'y',84'T',101'e',115's',
116't'}
                }
    only_jack_filenames = {}
    i = 1
    data_splited = {
                     {65'A',114'r',114'r',97'a',121'y',84'T',101'e',115's',
116't'}
                   }
    ending = <no value>
    i = <no value>
    fd_file_input = <no value>
    output_filename = <no value>
    fd_file_input_parsing = <no value>
    fd_file_output_parsing = <no value>


